cl : 명령줄 warning D9035: 'Gm' 옵션은 더 이상 사용되지 않으므로 이후 릴리스에서 제거될 예정입니다.
  d3dUtility.cpp
c:\users\sheee\source\newarkanoid\d3dutility.h(23): warning C4005: 'INFINITY': 매크로 재정의
  c:\program files (x86)\windows kits\10\include\10.0.17763.0\ucrt\corecrt_math.h(90): note: 'INFINITY'의 이전 정의를 참조하십시오.
  코드를 생성하고 있습니다...
  컴파일하고 있습니다...
  virtualLego.cpp
c:\users\sheee\source\newarkanoid\d3dutility.h(23): warning C4005: 'INFINITY': 매크로 재정의
  c:\program files (x86)\windows kits\10\include\10.0.17763.0\ucrt\corecrt_math.h(90): note: 'INFINITY'의 이전 정의를 참조하십시오.
c:\users\sheee\source\newarkanoid\virtuallego.cpp(154): warning C4305: '초기화 중': 'double'에서 'float'(으)로 잘립니다.
c:\users\sheee\source\newarkanoid\virtuallego.cpp(180): warning C4244: '=': 'double'에서 'float'(으)로 변환하면서 데이터가 손실될 수 있습니다.
c:\users\sheee\source\newarkanoid\virtuallego.cpp(181): warning C4244: '=': 'double'에서 'float'(으)로 변환하면서 데이터가 손실될 수 있습니다.
c:\users\sheee\source\newarkanoid\virtuallego.cpp(271): warning C4305: '초기화 중': 'double'에서 'float'(으)로 잘립니다.
c:\users\sheee\source\newarkanoid\virtuallego.cpp(275): warning C4305: '=': 'double'에서 'float'(으)로 잘립니다.
c:\users\sheee\source\newarkanoid\virtuallego.cpp(280): warning C4305: '=': 'double'에서 'float'(으)로 잘립니다.
c:\users\sheee\source\newarkanoid\virtuallego.cpp(285): warning C4305: '=': 'double'에서 'float'(으)로 잘립니다.
c:\users\sheee\source\newarkanoid\virtuallego.cpp(290): warning C4305: '=': 'double'에서 'float'(으)로 잘립니다.
c:\users\sheee\source\newarkanoid\virtuallego.cpp(302): warning C4244: '초기화 중': 'double'에서 'float'(으)로 변환하면서 데이터가 손실될 수 있습니다.
c:\users\sheee\source\newarkanoid\virtuallego.cpp(303): warning C4244: '초기화 중': 'double'에서 'float'(으)로 변환하면서 데이터가 손실될 수 있습니다.
c:\users\sheee\source\newarkanoid\virtuallego.cpp(306): warning C4244: '=': 'double'에서 'float'(으)로 변환하면서 데이터가 손실될 수 있습니다.
c:\users\sheee\source\newarkanoid\virtuallego.cpp(309): warning C4244: '=': 'double'에서 'float'(으)로 변환하면서 데이터가 손실될 수 있습니다.
c:\users\sheee\source\newarkanoid\virtuallego.cpp(312): warning C4244: '=': 'double'에서 'float'(으)로 변환하면서 데이터가 손실될 수 있습니다.
c:\users\sheee\source\newarkanoid\virtuallego.cpp(315): warning C4244: '=': 'double'에서 'float'(으)로 변환하면서 데이터가 손실될 수 있습니다.
c:\users\sheee\source\newarkanoid\virtuallego.cpp(343): warning C4305: 'return': 'double'에서 'float'(으)로 잘립니다.
c:\users\sheee\source\newarkanoid\virtuallego.cpp(499): warning C4244: '인수': 'double'에서 'float'(으)로 변환하면서 데이터가 손실될 수 있습니다.
c:\users\sheee\source\newarkanoid\virtuallego.cpp(697): warning C4244: '=': 'int'에서 'float'(으)로 변환하면서 데이터가 손실될 수 있습니다.
c:\users\sheee\source\newarkanoid\virtuallego.cpp(698): warning C4244: '=': 'int'에서 'float'(으)로 변환하면서 데이터가 손실될 수 있습니다.
c:\users\sheee\source\newarkanoid\virtuallego.cpp(715): warning C4244: '=': 'int'에서 'float'(으)로 변환하면서 데이터가 손실될 수 있습니다.
c:\users\sheee\source\newarkanoid\virtuallego.cpp(716): warning C4244: '=': 'int'에서 'float'(으)로 변환하면서 데이터가 손실될 수 있습니다.
c:\users\sheee\source\newarkanoid\virtuallego.cpp(734): warning C4996: 'sprintf': This function or variable may be unsafe. Consider using sprintf_s instead. To disable deprecation, use _CRT_SECURE_NO_WARNINGS. See online help for details.
  c:\program files (x86)\windows kits\10\include\10.0.17763.0\ucrt\stdio.h(1774): note: 'sprintf' 선언을 참조하십시오.
c:\users\sheee\source\newarkanoid\virtuallego.cpp(643): warning C4101: 'wmid' :참조되지 않은 지역 변수입니다.
c:\users\sheee\source\newarkanoid\virtuallego.cpp(643): warning C4101: 'wmEvent' :참조되지 않은 지역 변수입니다.
c:\users\sheee\source\newarkanoid\virtuallego.cpp(693): warning C4101: 'x_pos' :참조되지 않은 지역 변수입니다.
  코드를 생성하고 있습니다...
  VirtualLego.vcxproj -> C:\Users\sheee\source\NewARKANOID\.\Debug\VirtualLego.exe
